Using pre-set license
Built from '2022.1/staging' branch; Version is '2022.1.4f1 (76dd1f94b339) revision 7789855'; Using compiler version '192829333'; Build Type 'Release'
OS: 'Windows 10  (10.0.19044) 64bit Enterprise' Language: 'en' Physical Memory: 32512 MB
BatchMode: 1, IsHumanControllingUs: 0, StartBugReporterOnCrash: 0, Is64bit: 1, IsPro: 1

COMMAND LINE ARGUMENTS:
C:\Program Files\Unity 2022.1.4f1\Editor\Unity.exe
-adb2
-batchMode
-noUpm
-name
AssetImportWorker0
-projectPath
C:/Users/s012349l.STUDENT/Documents/Games-Dev-2/The Stalking Spectre
-logFile
Logs/AssetImportWorker0.log
-srvPort
52688
Successfully changed project path to: C:/Users/s012349l.STUDENT/Documents/Games-Dev-2/The Stalking Spectre
C:/Users/s012349l.STUDENT/Documents/Games-Dev-2/The Stalking Spectre
[UnityMemory] Configuration Parameters - Can be set up in boot.config
    "memorysetup-bucket-allocator-granularity=16"
    "memorysetup-bucket-allocator-bucket-count=8"
    "memorysetup-bucket-allocator-block-size=33554432"
    "memorysetup-bucket-allocator-block-count=8"
    "memorysetup-main-allocator-block-size=16777216"
    "memorysetup-thread-allocator-block-size=16777216"
    "memorysetup-gfx-main-allocator-block-size=16777216"
    "memorysetup-gfx-thread-allocator-block-size=16777216"
    "memorysetup-cache-allocator-block-size=4194304"
    "memorysetup-typetree-allocator-block-size=2097152"
    "memorysetup-profiler-bucket-allocator-granularity=16"
    "memorysetup-profiler-bucket-allocator-bucket-count=8"
    "memorysetup-profiler-bucket-allocator-block-size=33554432"
    "memorysetup-profiler-bucket-allocator-block-count=8"
    "memorysetup-profiler-allocator-block-size=16777216"
    "memorysetup-profiler-editor-allocator-block-size=1048576"
    "memorysetup-temp-allocator-size-main=16777216"
    "memorysetup-job-temp-allocator-block-size=2097152"
    "memorysetup-job-temp-allocator-block-size-background=1048576"
    "memorysetup-job-temp-allocator-reduction-small-platforms=262144"
    "memorysetup-temp-allocator-size-background-worker=32768"
    "memorysetup-temp-allocator-size-job-worker=262144"
    "memorysetup-temp-allocator-size-preload-manager=33554432"
    "memorysetup-temp-allocator-size-nav-mesh-worker=65536"
    "memorysetup-temp-allocator-size-audio-worker=65536"
    "memorysetup-temp-allocator-size-cloud-worker=32768"
    "memorysetup-temp-allocator-size-gi-baking-worker=262144"
    "memorysetup-temp-allocator-size-gfx=262144"
Refreshing native plugins compatible for Editor in 59.59 ms, found 3 plugins.
Preloading 0 native plugins for Editor in 0.00 ms.
Initialize engine version: 2022.1.4f1 (76dd1f94b339)
[Subsystems] Discovering subsystems at path C:/Program Files/Unity 2022.1.4f1/Editor/Data/Resources/UnitySubsystems
[Subsystems] Discovering subsystems at path C:/Users/s012349l.STUDENT/Documents/Games-Dev-2/The Stalking Spectre/Assets
GfxDevice: creating device client; threaded=0; jobified=0
Direct3D:
    Version:  Direct3D 11.0 [level 11.1]
    Renderer: NVIDIA GeForce RTX 3080 (ID=0x2206)
    Vendor:   NVIDIA
    VRAM:     10078 MB
    Driver:   31.0.15.1694
Initialize mono
Mono path[0] = 'C:/Program Files/Unity 2022.1.4f1/Editor/Data/Managed'
Mono path[1] = 'C:/Program Files/Unity 2022.1.4f1/Editor/Data/MonoBleedingEdge/lib/mono/unityjit-win32'
Mono config path = 'C:/Program Files/Unity 2022.1.4f1/Editor/Data/MonoBleedingEdge/etc'
Using monoOptions --debugger-agent=transport=dt_socket,embedding=1,server=y,suspend=n,address=127.0.0.1:56220
Begin MonoManager ReloadAssembly
Registering precompiled unity dll's ...
Register platform support module: C:/Program Files/Unity 2022.1.4f1/Editor/Data/PlaybackEngines/WebGLSupport/UnityEditor.WebGL.Extensions.dll
Register platform support module: C:/Program Files/Unity 2022.1.4f1/Editor/Data/PlaybackEngines/AndroidPlayer/UnityEditor.Android.Extensions.dll
Register platform support module: C:/Program Files/Unity 2022.1.4f1/Editor/Data/PlaybackEngines/WindowsStandaloneSupport/UnityEditor.WindowsStandalone.Extensions.dll
Registered in 0.005195 seconds.
Native extension for WindowsStandalone target not found
Native extension for Android target not found
Native extension for WebGL target not found
Refreshing native plugins compatible for Editor in 65.77 ms, found 3 plugins.
Preloading 0 native plugins for Editor in 0.00 ms.
Mono: successfully reloaded assembly
- Completed reload, in  0.562 seconds
Domain Reload Profiling:
	ReloadAssembly (562ms)
		BeginReloadAssembly (66ms)
			ExecutionOrderSort (0ms)
			DisableScriptedObjects (0ms)
			BackupInstance (0ms)
			ReleaseScriptingObjects (0ms)
			CreateAndSetChildDomain (1ms)
		EndReloadAssembly (411ms)
			LoadAssemblies (64ms)
			RebuildTransferFunctionScriptingTraits (0ms)
			SetupTypeCache (92ms)
				TypeCache.Initialize (92ms)
					TypeCache.ScanAssembly (90ms)
				ResolveRequiredComponents (0ms)
			ReleaseScriptCaches (0ms)
			RebuildScriptCaches (22ms)
			SetupLoadedEditorAssemblies (253ms)
				LogAssemblyErrors (0ms)
				InitializePlatformSupportModulesInManaged (38ms)
				SetLoadedEditorAssemblies (6ms)
				RefreshPlugins (66ms)
				BeforeProcessingInitializeOnLoad (1ms)
				ProcessInitializeOnLoadAttributes (100ms)
				ProcessInitializeOnLoadMethodAttributes (41ms)
				AfterProcessingInitializeOnLoad (0ms)
				EditorAssembliesLoaded (0ms)
			ExecutionOrderSort2 (0ms)
			AwakeInstancesAfterBackupRestoration (0ms)
Platform modules already initialized, skipping
Registering precompiled user dll's ...
Registered in 0.006255 seconds.
Begin MonoManager ReloadAssembly
Symbol file LoadedFromMemory doesn't match image C:\Users\s012349l.STUDENT\Documents\Games-Dev-2\The Stalking Spectre\Library\PackageCache\com.unity.visualscripting@1.7.8\Editor\VisualScripting.Core\Dependencies\YamlDotNet\Unity.VisualScripting.YamlDotNet.dll
Symbol file LoadedFromMemory doesn't match image C:\Users\s012349l.STUDENT\Documents\Games-Dev-2\The Stalking Spectre\Library\PackageCache\com.unity.visualscripting@1.7.8\Editor\VisualScripting.Core\Dependencies\DotNetZip\Unity.VisualScripting.IonicZip.dll
Native extension for WindowsStandalone target not found
Native extension for Android target not found
Native extension for WebGL target not found
Refreshing native plugins compatible for Editor in 0.42 ms, found 3 plugins.
Preloading 0 native plugins for Editor in 0.00 ms.
Mono: successfully reloaded assembly
- Completed reload, in  0.870 seconds
Domain Reload Profiling:
	ReloadAssembly (871ms)
		BeginReloadAssembly (95ms)
			ExecutionOrderSort (0ms)
			DisableScriptedObjects (4ms)
			BackupInstance (0ms)
			ReleaseScriptingObjects (0ms)
			CreateAndSetChildDomain (17ms)
		EndReloadAssembly (681ms)
			LoadAssemblies (73ms)
			RebuildTransferFunctionScriptingTraits (0ms)
			SetupTypeCache (223ms)
				TypeCache.Initialize (220ms)
					TypeCache.ScanAssembly (216ms)
				ResolveRequiredComponents (3ms)
			ReleaseScriptCaches (0ms)
			RebuildScriptCaches (40ms)
			SetupLoadedEditorAssemblies (307ms)
				LogAssemblyErrors (0ms)
				InitializePlatformSupportModulesInManaged (13ms)
				SetLoadedEditorAssemblies (6ms)
				RefreshPlugins (1ms)
				BeforeProcessingInitializeOnLoad (70ms)
				ProcessInitializeOnLoadAttributes (188ms)
				ProcessInitializeOnLoadMethodAttributes (24ms)
				AfterProcessingInitializeOnLoad (7ms)
				EditorAssembliesLoaded (0ms)
			ExecutionOrderSort2 (0ms)
			AwakeInstancesAfterBackupRestoration (5ms)
Platform modules already initialized, skipping
========================================================================
Worker process is ready to serve import requests
Launched and connected shader compiler UnityShaderCompiler.exe after 0.03 seconds
Refreshing native plugins compatible for Editor in 0.82 ms, found 3 plugins.
Preloading 0 native plugins for Editor in 0.00 ms.
Unloading 3402 Unused Serialized files (Serialized files now loaded: 0)
Unloading 26 unused Assets / (57.9 KB). Loaded Objects now: 3864.
Memory consumption went from 0.51 GB to 0.51 GB.
Total: 4.606500 ms (FindLiveObjects: 0.364000 ms CreateObjectMapping: 0.304200 ms MarkObjects: 3.850900 ms  DeleteObjects: 0.086300 ms)

AssetImportParameters requested are different than current active one (requested -> active):
  custom:video-decoder-ogg-theora: a1e56fd34408186e4bbccfd4996cb3dc -> 
  custom:container-muxer-webm: aa71ff27fc2769a1b78a27578f13a17b -> 
  custom:container-demuxer-webm: 4f35f7cbe854078d1ac9338744f61a02 -> 
  custom:video-encoder-webm-vp8: eb34c28f22e8b96e1ab97ce403110664 -> 
  custom:audio-encoder-webm-vorbis: bf7c407c2cedff20999df2af8eb42d56 -> 
  custom:framework-win-MediaFoundation: 216162199b28c13a410421893ffa2e32 -> 
  custom:container-demuxer-ogg: 62fdf1f143b41e24485cea50d1cbac27 -> 
  custom:video-decoder-webm-vp8: 9c59270c3fd7afecdb556c50c9e8de78 -> 
  custom:audio-decoder-ogg-vorbis: bf7c407c2cedff20999df2af8eb42d56 -> 
========================================================================
Received Import Request.
  Time since last request: 119501.050772 seconds.
  path: Assets/Scenes/Game.unity
  artifactKey: Guid(9fc0d4010bbf28b4594072e72b8655ab) Importer(815301076,1909f56bfc062723c751e8b465ee728b)
Start importing Assets/Scenes/Game.unity using Guid(9fc0d4010bbf28b4594072e72b8655ab) Importer(815301076,1909f56bfc062723c751e8b465ee728b)  -> (artifact id: '5ac498efb616b0611280bc87a86134b0') in 0.007173 seconds 
========================================================================
Received Import Request.
  Time since last request: 257.859494 seconds.
  path: Assets/Script/Ghost_AI.cs
  artifactKey: Guid(cbb80609f0854cd4b82dd61a345c9ec2) Importer(815301076,1909f56bfc062723c751e8b465ee728b)
Start importing Assets/Script/Ghost_AI.cs using Guid(cbb80609f0854cd4b82dd61a345c9ec2) Importer(815301076,1909f56bfc062723c751e8b465ee728b)  -> (artifact id: '0f39ac9996e9513dc94cbb91944b04bb') in 0.017202 seconds 
========================================================================
Received Import Request.
  Time since last request: 68.337119 seconds.
  path: Assets/Scenes/Death.unity
  artifactKey: Guid(f57e83936daa4704ea8db03faa627258) Importer(815301076,1909f56bfc062723c751e8b465ee728b)
Start importing Assets/Scenes/Death.unity using Guid(f57e83936daa4704ea8db03faa627258) Importer(815301076,1909f56bfc062723c751e8b465ee728b)  -> (artifact id: 'd2c31b4e539e5556514be047033ddba7') in 0.006185 seconds 
========================================================================
Received Import Request.
  Time since last request: 75.809466 seconds.
  path: Assets/Script/Movement.cs
  artifactKey: Guid(15c29a800d0492e49b0f48151798cd90) Importer(815301076,1909f56bfc062723c751e8b465ee728b)
Start importing Assets/Script/Movement.cs using Guid(15c29a800d0492e49b0f48151798cd90) Importer(815301076,1909f56bfc062723c751e8b465ee728b)  -> (artifact id: '6582855a658de6aec3b96374c40ecedb') in 0.007759 seconds 
========================================================================
Received Import Request.
  Time since last request: 5.345088 seconds.
  path: Assets/Script/SceneChange.cs
  artifactKey: Guid(1382f75704ce64f46b09aaec038bc42b) Importer(815301076,1909f56bfc062723c751e8b465ee728b)
Start importing Assets/Script/SceneChange.cs using Guid(1382f75704ce64f46b09aaec038bc42b) Importer(815301076,1909f56bfc062723c751e8b465ee728b)  -> (artifact id: '1f123bb76df674223788b39de2b2b0fc') in 0.005731 seconds 
========================================================================
Received Import Request.
  Time since last request: 0.999414 seconds.
  path: Assets/Script/Exit.cs
  artifactKey: Guid(59af2281b7333504abe874f02aff6287) Importer(815301076,1909f56bfc062723c751e8b465ee728b)
Start importing Assets/Script/Exit.cs using Guid(59af2281b7333504abe874f02aff6287) Importer(815301076,1909f56bfc062723c751e8b465ee728b)  -> (artifact id: 'ee6b67b9c28cc68ddfed0e7bb3df2fa8') in 0.006103 seconds 
========================================================================
Received Import Request.
  Time since last request: 178.170038 seconds.
  path: ProjectSettings/TagManager.asset
  artifactKey: Guid(00000000000000003000000000000000) Importer(815301076,1909f56bfc062723c751e8b465ee728b)
Start importing ProjectSettings/TagManager.asset using Guid(00000000000000003000000000000000) Importer(815301076,1909f56bfc062723c751e8b465ee728b)  -> (artifact id: 'e35d54526ff37927c082e4c0bb3e33b9') in 0.015314 seconds 
========================================================================
Received Prepare
Registering precompiled user dll's ...
Registered in 0.004143 seconds.
Begin MonoManager ReloadAssembly
Symbol file LoadedFromMemory doesn't match image C:\Users\s012349l.STUDENT\Documents\Games-Dev-2\The Stalking Spectre\Library\PackageCache\com.unity.visualscripting@1.7.8\Editor\VisualScripting.Core\Dependencies\YamlDotNet\Unity.VisualScripting.YamlDotNet.dll
Symbol file LoadedFromMemory doesn't match image C:\Users\s012349l.STUDENT\Documents\Games-Dev-2\The Stalking Spectre\Library\PackageCache\com.unity.visualscripting@1.7.8\Editor\VisualScripting.Core\Dependencies\DotNetZip\Unity.VisualScripting.IonicZip.dll
Native extension for WindowsStandalone target not found
Native extension for Android target not found
Native extension for WebGL target not found
Refreshing native plugins compatible for Editor in 0.51 ms, found 3 plugins.
Preloading 0 native plugins for Editor in 0.00 ms.
Mono: successfully reloaded assembly
- Completed reload, in  0.867 seconds
Domain Reload Profiling:
	ReloadAssembly (868ms)
		BeginReloadAssembly (116ms)
			ExecutionOrderSort (0ms)
			DisableScriptedObjects (4ms)
			BackupInstance (0ms)
			ReleaseScriptingObjects (0ms)
			CreateAndSetChildDomain (32ms)
		EndReloadAssembly (670ms)
			LoadAssemblies (71ms)
			RebuildTransferFunctionScriptingTraits (0ms)
			SetupTypeCache (228ms)
				TypeCache.Initialize (225ms)
					TypeCache.ScanAssembly (220ms)
				ResolveRequiredComponents (3ms)
			ReleaseScriptCaches (1ms)
			RebuildScriptCaches (35ms)
			SetupLoadedEditorAssemblies (286ms)
				LogAssemblyErrors (0ms)
				InitializePlatformSupportModulesInManaged (20ms)
				SetLoadedEditorAssemblies (5ms)
				RefreshPlugins (1ms)
				BeforeProcessingInitializeOnLoad (54ms)
				ProcessInitializeOnLoadAttributes (176ms)
				ProcessInitializeOnLoadMethodAttributes (23ms)
				AfterProcessingInitializeOnLoad (6ms)
				EditorAssembliesLoaded (0ms)
			ExecutionOrderSort2 (0ms)
			AwakeInstancesAfterBackupRestoration (5ms)
Platform modules already initialized, skipping
Refreshing native plugins compatible for Editor in 1.79 ms, found 3 plugins.
Preloading 0 native plugins for Editor in 0.00 ms.
Unloading 3382 Unused Serialized files (Serialized files now loaded: 0)
Unloading 20 unused Assets / (25.4 KB). Loaded Objects now: 3868.
Memory consumption went from 0.51 GB to 0.51 GB.
Total: 2.096100 ms (FindLiveObjects: 0.204900 ms CreateObjectMapping: 0.094600 ms MarkObjects: 1.774100 ms  DeleteObjects: 0.021600 ms)

AssetImportParameters requested are different than current active one (requested -> active):
  custom:video-decoder-ogg-theora: a1e56fd34408186e4bbccfd4996cb3dc -> 
  custom:container-muxer-webm: aa71ff27fc2769a1b78a27578f13a17b -> 
  custom:container-demuxer-webm: 4f35f7cbe854078d1ac9338744f61a02 -> 
  custom:video-encoder-webm-vp8: eb34c28f22e8b96e1ab97ce403110664 -> 
  custom:audio-encoder-webm-vorbis: bf7c407c2cedff20999df2af8eb42d56 -> 
  custom:framework-win-MediaFoundation: 216162199b28c13a410421893ffa2e32 -> 
  custom:container-demuxer-ogg: 62fdf1f143b41e24485cea50d1cbac27 -> 
  custom:video-decoder-webm-vp8: 9c59270c3fd7afecdb556c50c9e8de78 -> 
  custom:audio-decoder-ogg-vorbis: bf7c407c2cedff20999df2af8eb42d56 -> 
========================================================================
Received Prepare
Registering precompiled user dll's ...
Registered in 0.004747 seconds.
Begin MonoManager ReloadAssembly
Symbol file LoadedFromMemory doesn't match image C:\Users\s012349l.STUDENT\Documents\Games-Dev-2\The Stalking Spectre\Library\PackageCache\com.unity.visualscripting@1.7.8\Editor\VisualScripting.Core\Dependencies\YamlDotNet\Unity.VisualScripting.YamlDotNet.dll
Symbol file LoadedFromMemory doesn't match image C:\Users\s012349l.STUDENT\Documents\Games-Dev-2\The Stalking Spectre\Library\PackageCache\com.unity.visualscripting@1.7.8\Editor\VisualScripting.Core\Dependencies\DotNetZip\Unity.VisualScripting.IonicZip.dll
Native extension for WindowsStandalone target not found
Native extension for Android target not found
Native extension for WebGL target not found
Refreshing native plugins compatible for Editor in 0.50 ms, found 3 plugins.
Preloading 0 native plugins for Editor in 0.00 ms.
Mono: successfully reloaded assembly
- Completed reload, in  0.837 seconds
Domain Reload Profiling:
	ReloadAssembly (838ms)
		BeginReloadAssembly (107ms)
			ExecutionOrderSort (0ms)
			DisableScriptedObjects (4ms)
			BackupInstance (0ms)
			ReleaseScriptingObjects (0ms)
			CreateAndSetChildDomain (33ms)
		EndReloadAssembly (660ms)
			LoadAssemblies (62ms)
			RebuildTransferFunctionScriptingTraits (0ms)
			SetupTypeCache (234ms)
				TypeCache.Initialize (230ms)
					TypeCache.ScanAssembly (226ms)
				ResolveRequiredComponents (3ms)
			ReleaseScriptCaches (1ms)
			RebuildScriptCaches (32ms)
			SetupLoadedEditorAssemblies (283ms)
				LogAssemblyErrors (0ms)
				InitializePlatformSupportModulesInManaged (20ms)
				SetLoadedEditorAssemblies (5ms)
				RefreshPlugins (1ms)
				BeforeProcessingInitializeOnLoad (53ms)
				ProcessInitializeOnLoadAttributes (174ms)
				ProcessInitializeOnLoadMethodAttributes (23ms)
				AfterProcessingInitializeOnLoad (7ms)
				EditorAssembliesLoaded (0ms)
			ExecutionOrderSort2 (0ms)
			AwakeInstancesAfterBackupRestoration (5ms)
Platform modules already initialized, skipping
Refreshing native plugins compatible for Editor in 1.61 ms, found 3 plugins.
Preloading 0 native plugins for Editor in 0.00 ms.
Unloading 3383 Unused Serialized files (Serialized files now loaded: 0)
Unloading 19 unused Assets / (32.5 KB). Loaded Objects now: 3871.
Memory consumption went from 0.51 GB to 0.51 GB.
Total: 2.155600 ms (FindLiveObjects: 0.212400 ms CreateObjectMapping: 0.102600 ms MarkObjects: 1.822000 ms  DeleteObjects: 0.017600 ms)

AssetImportParameters requested are different than current active one (requested -> active):
  custom:video-decoder-ogg-theora: a1e56fd34408186e4bbccfd4996cb3dc -> 
  custom:container-muxer-webm: aa71ff27fc2769a1b78a27578f13a17b -> 
  custom:container-demuxer-webm: 4f35f7cbe854078d1ac9338744f61a02 -> 
  custom:video-encoder-webm-vp8: eb34c28f22e8b96e1ab97ce403110664 -> 
  custom:audio-encoder-webm-vorbis: bf7c407c2cedff20999df2af8eb42d56 -> 
  custom:framework-win-MediaFoundation: 216162199b28c13a410421893ffa2e32 -> 
  custom:container-demuxer-ogg: 62fdf1f143b41e24485cea50d1cbac27 -> 
  custom:video-decoder-webm-vp8: 9c59270c3fd7afecdb556c50c9e8de78 -> 
  custom:audio-decoder-ogg-vorbis: bf7c407c2cedff20999df2af8eb42d56 -> 
========================================================================
Received Import Request.
  Time since last request: 134.241372 seconds.
  path: Assets/Script
  artifactKey: Guid(9c305fed3b3ecb54e93e330f4f30b42c) Importer(815301076,1909f56bfc062723c751e8b465ee728b)
Start importing Assets/Script using Guid(9c305fed3b3ecb54e93e330f4f30b42c) Importer(815301076,1909f56bfc062723c751e8b465ee728b)  -> (artifact id: '95bee0265eaca9b5d801ec038452d1df') in 0.006943 seconds 
========================================================================
Received Import Request.
  Time since last request: 14.916621 seconds.
  path: Assets/Script/CheckDead.cs
  artifactKey: Guid(4548669a80d7f2a4f95e9cbce1eefba3) Importer(815301076,1909f56bfc062723c751e8b465ee728b)
Start importing Assets/Script/CheckDead.cs using Guid(4548669a80d7f2a4f95e9cbce1eefba3) Importer(815301076,1909f56bfc062723c751e8b465ee728b)  -> (artifact id: 'eecca3ca2c5b081f36957411fdf5897e') in 0.005912 seconds 
========================================================================
Received Prepare
Registering precompiled user dll's ...
Registered in 0.004201 seconds.
Begin MonoManager ReloadAssembly
Symbol file LoadedFromMemory doesn't match image C:\Users\s012349l.STUDENT\Documents\Games-Dev-2\The Stalking Spectre\Library\PackageCache\com.unity.visualscripting@1.7.8\Editor\VisualScripting.Core\Dependencies\YamlDotNet\Unity.VisualScripting.YamlDotNet.dll
Symbol file LoadedFromMemory doesn't match image C:\Users\s012349l.STUDENT\Documents\Games-Dev-2\The Stalking Spectre\Library\PackageCache\com.unity.visualscripting@1.7.8\Editor\VisualScripting.Core\Dependencies\DotNetZip\Unity.VisualScripting.IonicZip.dll
Native extension for WindowsStandalone target not found
Native extension for Android target not found
Native extension for WebGL target not found
Refreshing native plugins compatible for Editor in 0.53 ms, found 3 plugins.
Preloading 0 native plugins for Editor in 0.00 ms.
Mono: successfully reloaded assembly
- Completed reload, in  0.802 seconds
Domain Reload Profiling:
	ReloadAssembly (803ms)
		BeginReloadAssembly (105ms)
			ExecutionOrderSort (0ms)
			DisableScriptedObjects (4ms)
			BackupInstance (0ms)
			ReleaseScriptingObjects (0ms)
			CreateAndSetChildDomain (29ms)
		EndReloadAssembly (609ms)
			LoadAssemblies (66ms)
			RebuildTransferFunctionScriptingTraits (0ms)
			SetupTypeCache (207ms)
				TypeCache.Initialize (205ms)
					TypeCache.ScanAssembly (200ms)
				ResolveRequiredComponents (3ms)
			ReleaseScriptCaches (1ms)
			RebuildScriptCaches (38ms)
			SetupLoadedEditorAssemblies (257ms)
				LogAssemblyErrors (0ms)
				InitializePlatformSupportModulesInManaged (18ms)
				SetLoadedEditorAssemblies (5ms)
				RefreshPlugins (1ms)
				BeforeProcessingInitializeOnLoad (52ms)
				ProcessInitializeOnLoadAttributes (157ms)
				ProcessInitializeOnLoadMethodAttributes (19ms)
				AfterProcessingInitializeOnLoad (5ms)
				EditorAssembliesLoaded (0ms)
			ExecutionOrderSort2 (0ms)
			AwakeInstancesAfterBackupRestoration (4ms)
Platform modules already initialized, skipping
Refreshing native plugins compatible for Editor in 1.25 ms, found 3 plugins.
Preloading 0 native plugins for Editor in 0.00 ms.
Unloading 3383 Unused Serialized files (Serialized files now loaded: 0)
Unloading 19 unused Assets / (25.5 KB). Loaded Objects now: 3875.
Memory consumption went from 0.51 GB to 0.51 GB.
Total: 2.309800 ms (FindLiveObjects: 0.209800 ms CreateObjectMapping: 0.101600 ms MarkObjects: 1.980900 ms  DeleteObjects: 0.016600 ms)

AssetImportParameters requested are different than current active one (requested -> active):
  custom:video-decoder-ogg-theora: a1e56fd34408186e4bbccfd4996cb3dc -> 
  custom:container-muxer-webm: aa71ff27fc2769a1b78a27578f13a17b -> 
  custom:container-demuxer-webm: 4f35f7cbe854078d1ac9338744f61a02 -> 
  custom:video-encoder-webm-vp8: eb34c28f22e8b96e1ab97ce403110664 -> 
  custom:audio-encoder-webm-vorbis: bf7c407c2cedff20999df2af8eb42d56 -> 
  custom:framework-win-MediaFoundation: 216162199b28c13a410421893ffa2e32 -> 
  custom:container-demuxer-ogg: 62fdf1f143b41e24485cea50d1cbac27 -> 
  custom:video-decoder-webm-vp8: 9c59270c3fd7afecdb556c50c9e8de78 -> 
  custom:audio-decoder-ogg-vorbis: bf7c407c2cedff20999df2af8eb42d56 -> 
========================================================================
Received Import Request.
  Time since last request: 446.679057 seconds.
  path: Assets/Script/CheckDead.cs
  artifactKey: Guid(4548669a80d7f2a4f95e9cbce1eefba3) Importer(815301076,1909f56bfc062723c751e8b465ee728b)
Start importing Assets/Script/CheckDead.cs using Guid(4548669a80d7f2a4f95e9cbce1eefba3) Importer(815301076,1909f56bfc062723c751e8b465ee728b)  -> (artifact id: '21e058e55e3ebe4347a5646cad6498b6') in 0.006611 seconds 
========================================================================
Received Prepare
Registering precompiled user dll's ...
Registered in 0.005698 seconds.
Begin MonoManager ReloadAssembly
Symbol file LoadedFromMemory doesn't match image C:\Users\s012349l.STUDENT\Documents\Games-Dev-2\The Stalking Spectre\Library\PackageCache\com.unity.visualscripting@1.7.8\Editor\VisualScripting.Core\Dependencies\YamlDotNet\Unity.VisualScripting.YamlDotNet.dll
Symbol file LoadedFromMemory doesn't match image C:\Users\s012349l.STUDENT\Documents\Games-Dev-2\The Stalking Spectre\Library\PackageCache\com.unity.visualscripting@1.7.8\Editor\VisualScripting.Core\Dependencies\DotNetZip\Unity.VisualScripting.IonicZip.dll
Native extension for WindowsStandalone target not found
Native extension for Android target not found
Native extension for WebGL target not found
Refreshing native plugins compatible for Editor in 0.42 ms, found 3 plugins.
Preloading 0 native plugins for Editor in 0.00 ms.
Mono: successfully reloaded assembly
- Completed reload, in  0.797 seconds
Domain Reload Profiling:
	ReloadAssembly (798ms)
		BeginReloadAssembly (110ms)
			ExecutionOrderSort (0ms)
			DisableScriptedObjects (4ms)
			BackupInstance (0ms)
			ReleaseScriptingObjects (0ms)
			CreateAndSetChildDomain (33ms)
		EndReloadAssembly (604ms)
			LoadAssemblies (69ms)
			RebuildTransferFunctionScriptingTraits (0ms)
			SetupTypeCache (212ms)
				TypeCache.Initialize (206ms)
					TypeCache.ScanAssembly (201ms)
				ResolveRequiredComponents (6ms)
			ReleaseScriptCaches (1ms)
			RebuildScriptCaches (37ms)
			SetupLoadedEditorAssemblies (242ms)
				LogAssemblyErrors (0ms)
				InitializePlatformSupportModulesInManaged (16ms)
				SetLoadedEditorAssemblies (5ms)
				RefreshPlugins (0ms)
				BeforeProcessingInitializeOnLoad (50ms)
				ProcessInitializeOnLoadAttributes (148ms)
				ProcessInitializeOnLoadMethodAttributes (19ms)
				AfterProcessingInitializeOnLoad (5ms)
				EditorAssembliesLoaded (0ms)
			ExecutionOrderSort2 (0ms)
			AwakeInstancesAfterBackupRestoration (4ms)
Platform modules already initialized, skipping
Refreshing native plugins compatible for Editor in 1.25 ms, found 3 plugins.
Preloading 0 native plugins for Editor in 0.00 ms.
Unloading 3383 Unused Serialized files (Serialized files now loaded: 0)
Unloading 19 unused Assets / (25.4 KB). Loaded Objects now: 3878.
Memory consumption went from 0.51 GB to 0.51 GB.
Total: 2.336700 ms (FindLiveObjects: 0.202400 ms CreateObjectMapping: 0.114100 ms MarkObjects: 1.987000 ms  DeleteObjects: 0.032200 ms)

AssetImportParameters requested are different than current active one (requested -> active):
  custom:video-decoder-ogg-theora: a1e56fd34408186e4bbccfd4996cb3dc -> 
  custom:container-muxer-webm: aa71ff27fc2769a1b78a27578f13a17b -> 
  custom:container-demuxer-webm: 4f35f7cbe854078d1ac9338744f61a02 -> 
  custom:video-encoder-webm-vp8: eb34c28f22e8b96e1ab97ce403110664 -> 
  custom:audio-encoder-webm-vorbis: bf7c407c2cedff20999df2af8eb42d56 -> 
  custom:framework-win-MediaFoundation: 216162199b28c13a410421893ffa2e32 -> 
  custom:container-demuxer-ogg: 62fdf1f143b41e24485cea50d1cbac27 -> 
  custom:video-decoder-webm-vp8: 9c59270c3fd7afecdb556c50c9e8de78 -> 
  custom:audio-decoder-ogg-vorbis: bf7c407c2cedff20999df2af8eb42d56 -> 
========================================================================
Received Prepare
Registering precompiled user dll's ...
Registered in 0.003850 seconds.
Begin MonoManager ReloadAssembly
Symbol file LoadedFromMemory doesn't match image C:\Users\s012349l.STUDENT\Documents\Games-Dev-2\The Stalking Spectre\Library\PackageCache\com.unity.visualscripting@1.7.8\Editor\VisualScripting.Core\Dependencies\YamlDotNet\Unity.VisualScripting.YamlDotNet.dll
Symbol file LoadedFromMemory doesn't match image C:\Users\s012349l.STUDENT\Documents\Games-Dev-2\The Stalking Spectre\Library\PackageCache\com.unity.visualscripting@1.7.8\Editor\VisualScripting.Core\Dependencies\DotNetZip\Unity.VisualScripting.IonicZip.dll
Native extension for WindowsStandalone target not found
Native extension for Android target not found
Native extension for WebGL target not found
Refreshing native plugins compatible for Editor in 0.47 ms, found 3 plugins.
Preloading 0 native plugins for Editor in 0.00 ms.
Mono: successfully reloaded assembly
- Completed reload, in  0.834 seconds
Domain Reload Profiling:
	ReloadAssembly (835ms)
		BeginReloadAssembly (103ms)
			ExecutionOrderSort (0ms)
			DisableScriptedObjects (4ms)
			BackupInstance (0ms)
			ReleaseScriptingObjects (0ms)
			CreateAndSetChildDomain (26ms)
		EndReloadAssembly (650ms)
			LoadAssemblies (69ms)
			RebuildTransferFunctionScriptingTraits (0ms)
			SetupTypeCache (225ms)
				TypeCache.Initialize (221ms)
					TypeCache.ScanAssembly (216ms)
				ResolveRequiredComponents (4ms)
			ReleaseScriptCaches (1ms)
			RebuildScriptCaches (34ms)
			SetupLoadedEditorAssemblies (280ms)
				LogAssemblyErrors (0ms)
				InitializePlatformSupportModulesInManaged (20ms)
				SetLoadedEditorAssemblies (5ms)
				RefreshPlugins (1ms)
				BeforeProcessingInitializeOnLoad (53ms)
				ProcessInitializeOnLoadAttributes (172ms)
				ProcessInitializeOnLoadMethodAttributes (21ms)
				AfterProcessingInitializeOnLoad (7ms)
				EditorAssembliesLoaded (0ms)
			ExecutionOrderSort2 (0ms)
			AwakeInstancesAfterBackupRestoration (5ms)
Platform modules already initialized, skipping
Refreshing native plugins compatible for Editor in 1.59 ms, found 3 plugins.
Preloading 0 native plugins for Editor in 0.00 ms.
Unloading 3384 Unused Serialized files (Serialized files now loaded: 0)
Unloading 19 unused Assets / (32.6 KB). Loaded Objects now: 3881.
Memory consumption went from 0.51 GB to 0.51 GB.
Total: 2.417700 ms (FindLiveObjects: 0.226400 ms CreateObjectMapping: 0.124400 ms MarkObjects: 2.037300 ms  DeleteObjects: 0.028500 ms)

AssetImportParameters requested are different than current active one (requested -> active):
  custom:video-decoder-ogg-theora: a1e56fd34408186e4bbccfd4996cb3dc -> 
  custom:container-muxer-webm: aa71ff27fc2769a1b78a27578f13a17b -> 
  custom:container-demuxer-webm: 4f35f7cbe854078d1ac9338744f61a02 -> 
  custom:video-encoder-webm-vp8: eb34c28f22e8b96e1ab97ce403110664 -> 
  custom:audio-encoder-webm-vorbis: bf7c407c2cedff20999df2af8eb42d56 -> 
  custom:framework-win-MediaFoundation: 216162199b28c13a410421893ffa2e32 -> 
  custom:container-demuxer-ogg: 62fdf1f143b41e24485cea50d1cbac27 -> 
  custom:video-decoder-webm-vp8: 9c59270c3fd7afecdb556c50c9e8de78 -> 
  custom:audio-decoder-ogg-vorbis: bf7c407c2cedff20999df2af8eb42d56 -> 
========================================================================
Received Prepare
Registering precompiled user dll's ...
Registered in 0.005295 seconds.
Begin MonoManager ReloadAssembly
Symbol file LoadedFromMemory doesn't match image C:\Users\s012349l.STUDENT\Documents\Games-Dev-2\The Stalking Spectre\Library\PackageCache\com.unity.visualscripting@1.7.8\Editor\VisualScripting.Core\Dependencies\YamlDotNet\Unity.VisualScripting.YamlDotNet.dll
Symbol file LoadedFromMemory doesn't match image C:\Users\s012349l.STUDENT\Documents\Games-Dev-2\The Stalking Spectre\Library\PackageCache\com.unity.visualscripting@1.7.8\Editor\VisualScripting.Core\Dependencies\DotNetZip\Unity.VisualScripting.IonicZip.dll
Native extension for WindowsStandalone target not found
Native extension for Android target not found
Native extension for WebGL target not found
Refreshing native plugins compatible for Editor in 0.57 ms, found 3 plugins.
Preloading 0 native plugins for Editor in 0.00 ms.
Mono: successfully reloaded assembly
- Completed reload, in  0.846 seconds
Domain Reload Profiling:
	ReloadAssembly (847ms)
		BeginReloadAssembly (106ms)
			ExecutionOrderSort (0ms)
			DisableScriptedObjects (4ms)
			BackupInstance (0ms)
			ReleaseScriptingObjects (0ms)
			CreateAndSetChildDomain (28ms)
		EndReloadAssembly (666ms)
			LoadAssemblies (68ms)
			RebuildTransferFunctionScriptingTraits (0ms)
			SetupTypeCache (225ms)
				TypeCache.Initialize (222ms)
					TypeCache.ScanAssembly (217ms)
				ResolveRequiredComponents (3ms)
			ReleaseScriptCaches (1ms)
			RebuildScriptCaches (35ms)
			SetupLoadedEditorAssemblies (294ms)
				LogAssemblyErrors (0ms)
				InitializePlatformSupportModulesInManaged (19ms)
				SetLoadedEditorAssemblies (6ms)
				RefreshPlugins (1ms)
				BeforeProcessingInitializeOnLoad (55ms)
				ProcessInitializeOnLoadAttributes (183ms)
				ProcessInitializeOnLoadMethodAttributes (24ms)
				AfterProcessingInitializeOnLoad (6ms)
				EditorAssembliesLoaded (0ms)
			ExecutionOrderSort2 (0ms)
			AwakeInstancesAfterBackupRestoration (5ms)
Platform modules already initialized, skipping
Refreshing native plugins compatible for Editor in 1.60 ms, found 3 plugins.
Preloading 0 native plugins for Editor in 0.00 ms.
Unloading 3384 Unused Serialized files (Serialized files now loaded: 0)
Unloading 19 unused Assets / (32.5 KB). Loaded Objects now: 3884.
Memory consumption went from 0.51 GB to 0.51 GB.
Total: 2.663000 ms (FindLiveObjects: 0.212500 ms CreateObjectMapping: 0.124300 ms MarkObjects: 2.297500 ms  DeleteObjects: 0.027800 ms)

AssetImportParameters requested are different than current active one (requested -> active):
  custom:video-decoder-ogg-theora: a1e56fd34408186e4bbccfd4996cb3dc -> 
  custom:container-muxer-webm: aa71ff27fc2769a1b78a27578f13a17b -> 
  custom:container-demuxer-webm: 4f35f7cbe854078d1ac9338744f61a02 -> 
  custom:video-encoder-webm-vp8: eb34c28f22e8b96e1ab97ce403110664 -> 
  custom:audio-encoder-webm-vorbis: bf7c407c2cedff20999df2af8eb42d56 -> 
  custom:framework-win-MediaFoundation: 216162199b28c13a410421893ffa2e32 -> 
  custom:container-demuxer-ogg: 62fdf1f143b41e24485cea50d1cbac27 -> 
  custom:video-decoder-webm-vp8: 9c59270c3fd7afecdb556c50c9e8de78 -> 
  custom:audio-decoder-ogg-vorbis: bf7c407c2cedff20999df2af8eb42d56 -> 
========================================================================
Received Import Request.
  Time since last request: 389.630058 seconds.
  path: Assets/Scenes/MainMenu.unity
  artifactKey: Guid(47d3066794f041846a52ab914c11931f) Importer(815301076,1909f56bfc062723c751e8b465ee728b)
Start importing Assets/Scenes/MainMenu.unity using Guid(47d3066794f041846a52ab914c11931f) Importer(815301076,1909f56bfc062723c751e8b465ee728b)  -> (artifact id: '7e89d579ee38038a4c3130592f7ed847') in 0.007069 seconds 
========================================================================
Received Import Request.
  Time since last request: 2.989903 seconds.
  path: Assets/Scenes/Game.unity
  artifactKey: Guid(9fc0d4010bbf28b4594072e72b8655ab) Importer(815301076,1909f56bfc062723c751e8b465ee728b)
Start importing Assets/Scenes/Game.unity using Guid(9fc0d4010bbf28b4594072e72b8655ab) Importer(815301076,1909f56bfc062723c751e8b465ee728b)  -> (artifact id: '4eeacec92f14b119a7e5e7925e5d07f3') in 0.006372 seconds 
========================================================================
Received Prepare
Registering precompiled user dll's ...
Registered in 0.003523 seconds.
Begin MonoManager ReloadAssembly
Symbol file LoadedFromMemory doesn't match image C:\Users\s012349l.STUDENT\Documents\Games-Dev-2\The Stalking Spectre\Library\PackageCache\com.unity.visualscripting@1.7.8\Editor\VisualScripting.Core\Dependencies\YamlDotNet\Unity.VisualScripting.YamlDotNet.dll
Symbol file LoadedFromMemory doesn't match image C:\Users\s012349l.STUDENT\Documents\Games-Dev-2\The Stalking Spectre\Library\PackageCache\com.unity.visualscripting@1.7.8\Editor\VisualScripting.Core\Dependencies\DotNetZip\Unity.VisualScripting.IonicZip.dll
Native extension for WindowsStandalone target not found
Native extension for Android target not found
Native extension for WebGL target not found
Refreshing native plugins compatible for Editor in 0.47 ms, found 3 plugins.
Preloading 0 native plugins for Editor in 0.00 ms.
Mono: successfully reloaded assembly
- Completed reload, in  0.825 seconds
Domain Reload Profiling:
	ReloadAssembly (825ms)
		BeginReloadAssembly (98ms)
			ExecutionOrderSort (0ms)
			DisableScriptedObjects (4ms)
			BackupInstance (0ms)
			ReleaseScriptingObjects (0ms)
			CreateAndSetChildDomain (26ms)
		EndReloadAssembly (648ms)
			LoadAssemblies (61ms)
			RebuildTransferFunctionScriptingTraits (0ms)
			SetupTypeCache (226ms)
				TypeCache.Initialize (222ms)
					TypeCache.ScanAssembly (214ms)
				ResolveRequiredComponents (4ms)
			ReleaseScriptCaches (1ms)
			RebuildScriptCaches (34ms)
			SetupLoadedEditorAssemblies (278ms)
				LogAssemblyErrors (0ms)
				InitializePlatformSupportModulesInManaged (19ms)
				SetLoadedEditorAssemblies (6ms)
				RefreshPlugins (1ms)
				BeforeProcessingInitializeOnLoad (54ms)
				ProcessInitializeOnLoadAttributes (170ms)
				ProcessInitializeOnLoadMethodAttributes (23ms)
				AfterProcessingInitializeOnLoad (5ms)
				EditorAssembliesLoaded (0ms)
			ExecutionOrderSort2 (0ms)
			AwakeInstancesAfterBackupRestoration (5ms)
Platform modules already initialized, skipping
Refreshing native plugins compatible for Editor in 1.74 ms, found 3 plugins.
Preloading 0 native plugins for Editor in 0.00 ms.
Unloading 3383 Unused Serialized files (Serialized files now loaded: 0)
Unloading 19 unused Assets / (25.4 KB). Loaded Objects now: 3887.
Memory consumption went from 0.51 GB to 0.51 GB.
Total: 2.267800 ms (FindLiveObjects: 0.216100 ms CreateObjectMapping: 0.102200 ms MarkObjects: 1.929800 ms  DeleteObjects: 0.018900 ms)

AssetImportParameters requested are different than current active one (requested -> active):
  custom:video-decoder-ogg-theora: a1e56fd34408186e4bbccfd4996cb3dc -> 
  custom:container-muxer-webm: aa71ff27fc2769a1b78a27578f13a17b -> 
  custom:container-demuxer-webm: 4f35f7cbe854078d1ac9338744f61a02 -> 
  custom:video-encoder-webm-vp8: eb34c28f22e8b96e1ab97ce403110664 -> 
  custom:audio-encoder-webm-vorbis: bf7c407c2cedff20999df2af8eb42d56 -> 
  custom:framework-win-MediaFoundation: 216162199b28c13a410421893ffa2e32 -> 
  custom:container-demuxer-ogg: 62fdf1f143b41e24485cea50d1cbac27 -> 
  custom:video-decoder-webm-vp8: 9c59270c3fd7afecdb556c50c9e8de78 -> 
  custom:audio-decoder-ogg-vorbis: bf7c407c2cedff20999df2af8eb42d56 -> 
========================================================================
Received Prepare
Registering precompiled user dll's ...
Registered in 0.006171 seconds.
Begin MonoManager ReloadAssembly
Symbol file LoadedFromMemory doesn't match image C:\Users\s012349l.STUDENT\Documents\Games-Dev-2\The Stalking Spectre\Library\PackageCache\com.unity.visualscripting@1.7.8\Editor\VisualScripting.Core\Dependencies\YamlDotNet\Unity.VisualScripting.YamlDotNet.dll
Symbol file LoadedFromMemory doesn't match image C:\Users\s012349l.STUDENT\Documents\Games-Dev-2\The Stalking Spectre\Library\PackageCache\com.unity.visualscripting@1.7.8\Editor\VisualScripting.Core\Dependencies\DotNetZip\Unity.VisualScripting.IonicZip.dll
Native extension for WindowsStandalone target not found
Native extension for Android target not found
Native extension for WebGL target not found
Refreshing native plugins compatible for Editor in 0.38 ms, found 3 plugins.
Preloading 0 native plugins for Editor in 0.00 ms.
Mono: successfully reloaded assembly
- Completed reload, in  0.797 seconds
Domain Reload Profiling:
	ReloadAssembly (798ms)
		BeginReloadAssembly (102ms)
			ExecutionOrderSort (0ms)
			DisableScriptedObjects (4ms)
			BackupInstance (0ms)
			ReleaseScriptingObjects (0ms)
			CreateAndSetChildDomain (26ms)
		EndReloadAssembly (615ms)
			LoadAssemblies (67ms)
			RebuildTransferFunctionScriptingTraits (0ms)
			SetupTypeCache (224ms)
				TypeCache.Initialize (222ms)
					TypeCache.ScanAssembly (216ms)
				ResolveRequiredComponents (3ms)
			ReleaseScriptCaches (1ms)
			RebuildScriptCaches (34ms)
			SetupLoadedEditorAssemblies (253ms)
				LogAssemblyErrors (0ms)
				InitializePlatformSupportModulesInManaged (17ms)
				SetLoadedEditorAssemblies (5ms)
				RefreshPlugins (0ms)
				BeforeProcessingInitializeOnLoad (49ms)
				ProcessInitializeOnLoadAttributes (152ms)
				ProcessInitializeOnLoadMethodAttributes (24ms)
				AfterProcessingInitializeOnLoad (5ms)
				EditorAssembliesLoaded (0ms)
			ExecutionOrderSort2 (0ms)
			AwakeInstancesAfterBackupRestoration (5ms)
Platform modules already initialized, skipping
Refreshing native plugins compatible for Editor in 1.34 ms, found 3 plugins.
Preloading 0 native plugins for Editor in 0.00 ms.
Unloading 3384 Unused Serialized files (Serialized files now loaded: 0)
Unloading 19 unused Assets / (32.5 KB). Loaded Objects now: 3890.
Memory consumption went from 0.51 GB to 0.51 GB.
Total: 2.364600 ms (FindLiveObjects: 0.226200 ms CreateObjectMapping: 0.147700 ms MarkObjects: 1.953800 ms  DeleteObjects: 0.035500 ms)

AssetImportParameters requested are different than current active one (requested -> active):
  custom:video-decoder-ogg-theora: a1e56fd34408186e4bbccfd4996cb3dc -> 
  custom:container-muxer-webm: aa71ff27fc2769a1b78a27578f13a17b -> 
  custom:container-demuxer-webm: 4f35f7cbe854078d1ac9338744f61a02 -> 
  custom:video-encoder-webm-vp8: eb34c28f22e8b96e1ab97ce403110664 -> 
  custom:audio-encoder-webm-vorbis: bf7c407c2cedff20999df2af8eb42d56 -> 
  custom:framework-win-MediaFoundation: 216162199b28c13a410421893ffa2e32 -> 
  custom:container-demuxer-ogg: 62fdf1f143b41e24485cea50d1cbac27 -> 
  custom:video-decoder-webm-vp8: 9c59270c3fd7afecdb556c50c9e8de78 -> 
  custom:audio-decoder-ogg-vorbis: bf7c407c2cedff20999df2af8eb42d56 -> 
========================================================================
Received Prepare
Registering precompiled user dll's ...
Registered in 0.004099 seconds.
Begin MonoManager ReloadAssembly
Symbol file LoadedFromMemory doesn't match image C:\Users\s012349l.STUDENT\Documents\Games-Dev-2\The Stalking Spectre\Library\PackageCache\com.unity.visualscripting@1.7.8\Editor\VisualScripting.Core\Dependencies\YamlDotNet\Unity.VisualScripting.YamlDotNet.dll
Symbol file LoadedFromMemory doesn't match image C:\Users\s012349l.STUDENT\Documents\Games-Dev-2\The Stalking Spectre\Library\PackageCache\com.unity.visualscripting@1.7.8\Editor\VisualScripting.Core\Dependencies\DotNetZip\Unity.VisualScripting.IonicZip.dll
Native extension for WindowsStandalone target not found
Native extension for Android target not found
Native extension for WebGL target not found
Refreshing native plugins compatible for Editor in 0.67 ms, found 3 plugins.
Preloading 0 native plugins for Editor in 0.00 ms.
Mono: successfully reloaded assembly
- Completed reload, in  0.830 seconds
Domain Reload Profiling:
	ReloadAssembly (830ms)
		BeginReloadAssembly (107ms)
			ExecutionOrderSort (0ms)
			DisableScriptedObjects (4ms)
			BackupInstance (0ms)
			ReleaseScriptingObjects (0ms)
			CreateAndSetChildDomain (27ms)
		EndReloadAssembly (640ms)
			LoadAssemblies (70ms)
			RebuildTransferFunctionScriptingTraits (0ms)
			SetupTypeCache (222ms)
				TypeCache.Initialize (219ms)
					TypeCache.ScanAssembly (214ms)
				ResolveRequiredComponents (3ms)
			ReleaseScriptCaches (1ms)
			RebuildScriptCaches (32ms)
			SetupLoadedEditorAssemblies (279ms)
				LogAssemblyErrors (0ms)
				InitializePlatformSupportModulesInManaged (19ms)
				SetLoadedEditorAssemblies (6ms)
				RefreshPlugins (1ms)
				BeforeProcessingInitializeOnLoad (53ms)
				ProcessInitializeOnLoadAttributes (172ms)
				ProcessInitializeOnLoadMethodAttributes (23ms)
				AfterProcessingInitializeOnLoad (6ms)
				EditorAssembliesLoaded (0ms)
			ExecutionOrderSort2 (0ms)
			AwakeInstancesAfterBackupRestoration (4ms)
Platform modules already initialized, skipping
Refreshing native plugins compatible for Editor in 1.68 ms, found 3 plugins.
Preloading 0 native plugins for Editor in 0.00 ms.
Unloading 3384 Unused Serialized files (Serialized files now loaded: 0)
Unloading 19 unused Assets / (32.5 KB). Loaded Objects now: 3893.
Memory consumption went from 0.51 GB to 0.51 GB.
Total: 2.127800 ms (FindLiveObjects: 0.198900 ms CreateObjectMapping: 0.089000 ms MarkObjects: 1.818500 ms  DeleteObjects: 0.020600 ms)

AssetImportParameters requested are different than current active one (requested -> active):
  custom:video-decoder-ogg-theora: a1e56fd34408186e4bbccfd4996cb3dc -> 
  custom:container-muxer-webm: aa71ff27fc2769a1b78a27578f13a17b -> 
  custom:container-demuxer-webm: 4f35f7cbe854078d1ac9338744f61a02 -> 
  custom:video-encoder-webm-vp8: eb34c28f22e8b96e1ab97ce403110664 -> 
  custom:audio-encoder-webm-vorbis: bf7c407c2cedff20999df2af8eb42d56 -> 
  custom:framework-win-MediaFoundation: 216162199b28c13a410421893ffa2e32 -> 
  custom:container-demuxer-ogg: 62fdf1f143b41e24485cea50d1cbac27 -> 
  custom:video-decoder-webm-vp8: 9c59270c3fd7afecdb556c50c9e8de78 -> 
  custom:audio-decoder-ogg-vorbis: bf7c407c2cedff20999df2af8eb42d56 -> 
========================================================================
Received Import Request.
  Time since last request: 507.664874 seconds.
  path: Assets/asoliddev - Modular Fantasy Character/Prefabs/Modular Fantasy Character.prefab
  artifactKey: Guid(977644597387cc14892d7b14a0d64547) Importer(815301076,1909f56bfc062723c751e8b465ee728b)
Start importing Assets/asoliddev - Modular Fantasy Character/Prefabs/Modular Fantasy Character.prefab using Guid(977644597387cc14892d7b14a0d64547) Importer(815301076,1909f56bfc062723c751e8b465ee728b)  -> (artifact id: '1f315527b2703f62e8b905a19a660fde') in 0.615498 seconds 
========================================================================
Received Import Request.
  Time since last request: 0.963693 seconds.
  path: Assets/asoliddev - Modular Fantasy Character/Textures/Armor 0 belt diffuse.png
  artifactKey: Guid(8494e3d77164d544e905e37c62d73b41) Importer(815301076,1909f56bfc062723c751e8b465ee728b)
Start importing Assets/asoliddev - Modular Fantasy Character/Textures/Armor 0 belt diffuse.png using Guid(8494e3d77164d544e905e37c62d73b41) Importer(815301076,1909f56bfc062723c751e8b465ee728b)  -> (artifact id: 'a40ce238345cac5e83d01dd960683dca') in 0.096138 seconds 
========================================================================
Received Import Request.
  Time since last request: 0.000018 seconds.
  path: Assets/asoliddev - Modular Fantasy Character/Textures/Facial hair 3 normal.png
  artifactKey: Guid(92a4991e4e6bfb9489f365c58150f187) Importer(815301076,1909f56bfc062723c751e8b465ee728b)
Start importing Assets/asoliddev - Modular Fantasy Character/Textures/Facial hair 3 normal.png using Guid(92a4991e4e6bfb9489f365c58150f187) Importer(815301076,1909f56bfc062723c751e8b465ee728b)  -> (artifact id: 'a8d26ae670b89977ba37e4532eb512f8') in 0.017235 seconds 
========================================================================
Received Import Request.
  Time since last request: 0.000034 seconds.
  path: Assets/asoliddev - Modular Fantasy Character/Textures/Armor 0 boots normal.png
  artifactKey: Guid(dac6117a0d12d6440923b3366b805db1) Importer(815301076,1909f56bfc062723c751e8b465ee728b)
Start importing Assets/asoliddev - Modular Fantasy Character/Textures/Armor 0 boots normal.png using Guid(dac6117a0d12d6440923b3366b805db1) Importer(815301076,1909f56bfc062723c751e8b465ee728b)  -> (artifact id: 'dfd195cdf59e8ff381c7d5a8568fd56f') in 0.015129 seconds 
========================================================================
Received Import Request.
  Time since last request: 0.000019 seconds.
  path: Assets/asoliddev - Modular Fantasy Character/Textures/Armor 0 boots metalic.png
  artifactKey: Guid(cf4bd20c49d8bf94caf9ddec1b4efc49) Importer(815301076,1909f56bfc062723c751e8b465ee728b)
Start importing Assets/asoliddev - Modular Fantasy Character/Textures/Armor 0 boots metalic.png using Guid(cf4bd20c49d8bf94caf9ddec1b4efc49) Importer(815301076,1909f56bfc062723c751e8b465ee728b)  -> (artifact id: 'e67defba4ee7dd88f0b48b6a34fe67ef') in 0.013461 seconds 
========================================================================
Received Import Request.
  Time since last request: 0.000018 seconds.
  path: Assets/asoliddev - Modular Fantasy Character/Textures/Armor 0 lower diffuse 1.png
  artifactKey: Guid(7ab6cadbc5af74c47a31fb604a1eae12) Importer(815301076,1909f56bfc062723c751e8b465ee728b)
Start importing Assets/asoliddev - Modular Fantasy Character/Textures/Armor 0 lower diffuse 1.png using Guid(7ab6cadbc5af74c47a31fb604a1eae12) Importer(815301076,1909f56bfc062723c751e8b465ee728b)  -> (artifact id: 'ac5202e0d3236c25c66c0667c13f438d') in 0.025821 seconds 
========================================================================
Received Import Request.
  Time since last request: 0.000026 seconds.
  path: Assets/asoliddev - Modular Fantasy Character/Textures/Armor 0 upper diffuse 1.png
  artifactKey: Guid(35b7b53ef5901fd4ca5e2c26ef4c6389) Importer(815301076,1909f56bfc062723c751e8b465ee728b)
Start importing Assets/asoliddev - Modular Fantasy Character/Textures/Armor 0 upper diffuse 1.png using Guid(35b7b53ef5901fd4ca5e2c26ef4c6389) Importer(815301076,1909f56bfc062723c751e8b465ee728b)  -> (artifact id: '60bf64a97fd1b53224bbec4989b33df5') in 0.026682 seconds 
========================================================================
Received Import Request.
  Time since last request: 0.000020 seconds.
  path: Assets/asoliddev - Modular Fantasy Character/Textures/Hair 3 normal.png
  artifactKey: Guid(2d93d1aaaf744f541b7e132d71e48689) Importer(815301076,1909f56bfc062723c751e8b465ee728b)
Start importing Assets/asoliddev - Modular Fantasy Character/Textures/Hair 3 normal.png using Guid(2d93d1aaaf744f541b7e132d71e48689) Importer(815301076,1909f56bfc062723c751e8b465ee728b)  -> (artifact id: '068b17974beab6e8993887e971295ecb') in 0.013902 seconds 
========================================================================
Received Import Request.
  Time since last request: 0.000041 seconds.
  path: Assets/asoliddev - Modular Fantasy Character/Textures/Armor 0 upper diffuse.png
  artifactKey: Guid(5c5765080f6cb5c489d6615a8ba591ef) Importer(815301076,1909f56bfc062723c751e8b465ee728b)
Start importing Assets/asoliddev - Modular Fantasy Character/Textures/Armor 0 upper diffuse.png using Guid(5c5765080f6cb5c489d6615a8ba591ef) Importer(815301076,1909f56bfc062723c751e8b465ee728b)  -> (artifact id: '35d38318bc5814b5d89fe25cd2e68dab') in 0.026235 seconds 
========================================================================
Received Import Request.
  Time since last request: 0.000027 seconds.
  path: Assets/asoliddev - Modular Fantasy Character/Textures/Hair 3 diffuse.png
  artifactKey: Guid(b18c5ea953cccf044a060b02cc86ffdb) Importer(815301076,1909f56bfc062723c751e8b465ee728b)
Start importing Assets/asoliddev - Modular Fantasy Character/Textures/Hair 3 diffuse.png using Guid(b18c5ea953cccf044a060b02cc86ffdb) Importer(815301076,1909f56bfc062723c751e8b465ee728b)  -> (artifact id: 'f6d4b299a108421a5f9f12e34db681b8') in 0.014958 seconds 
========================================================================
Received Import Request.
  Time since last request: 0.000023 seconds.
  path: Assets/asoliddev - Modular Fantasy Character/Textures/Armor 0 boots diffuse 1.png
  artifactKey: Guid(79b453f6e3453af4ca09d04c42225986) Importer(815301076,1909f56bfc062723c751e8b465ee728b)
Start importing Assets/asoliddev - Modular Fantasy Character/Textures/Armor 0 boots diffuse 1.png using Guid(79b453f6e3453af4ca09d04c42225986) Importer(815301076,1909f56bfc062723c751e8b465ee728b)  -> (artifact id: 'a87b7348a6b32973eaff713de4e96f3e') in 0.014402 seconds 
========================================================================
Received Import Request.
  Time since last request: 0.000023 seconds.
  path: Assets/asoliddev - Modular Fantasy Character/Textures/armor 0 upper normal.png
  artifactKey: Guid(8eb747711880d3648b386b80705fe4ba) Importer(815301076,1909f56bfc062723c751e8b465ee728b)
Start importing Assets/asoliddev - Modular Fantasy Character/Textures/armor 0 upper normal.png using Guid(8eb747711880d3648b386b80705fe4ba) Importer(815301076,1909f56bfc062723c751e8b465ee728b)  -> (artifact id: '01b7e4b15e5d020069242d6ba7f5c59d') in 0.023171 seconds 
========================================================================
Received Import Request.
  Time since last request: 0.000030 seconds.
  path: Assets/asoliddev - Modular Fantasy Character/Textures/Armor 0 upper diffuse 2.png
  artifactKey: Guid(ba761859cf7550748a3074c064b26d5e) Importer(815301076,1909f56bfc062723c751e8b465ee728b)
Start importing Assets/asoliddev - Modular Fantasy Character/Textures/Armor 0 upper diffuse 2.png using Guid(ba761859cf7550748a3074c064b26d5e) Importer(815301076,1909f56bfc062723c751e8b465ee728b)  -> (artifact id: '908be746434b817b3b85f0b4330bec1f') in 0.024692 seconds 
========================================================================
Received Import Request.
  Time since last request: 0.000030 seconds.
  path: Assets/asoliddev - Modular Fantasy Character/Textures/Facial hair 1 diffuse.png
  artifactKey: Guid(095733b74fa37e348bc1e77e671fdfa3) Importer(815301076,1909f56bfc062723c751e8b465ee728b)
Start importing Assets/asoliddev - Modular Fantasy Character/Textures/Facial hair 1 diffuse.png using Guid(095733b74fa37e348bc1e77e671fdfa3) Importer(815301076,1909f56bfc062723c751e8b465ee728b)  -> (artifact id: 'd4c5f18666aa30e57d1cd583ab184963') in 0.014350 seconds 
========================================================================
Received Import Request.
  Time since last request: 0.000031 seconds.
  path: Assets/asoliddev - Modular Fantasy Character/Textures/Facial hair 2 diffuse.png
  artifactKey: Guid(5ff477137efa09645b66672f6f639ab5) Importer(815301076,1909f56bfc062723c751e8b465ee728b)
Start importing Assets/asoliddev - Modular Fantasy Character/Textures/Facial hair 2 diffuse.png using Guid(5ff477137efa09645b66672f6f639ab5) Importer(815301076,1909f56bfc062723c751e8b465ee728b)  -> (artifact id: '268aa0c8608948c3821fcd705c1d415f') in 0.015503 seconds 
========================================================================
Received Import Request.
  Time since last request: 0.000053 seconds.
  path: Assets/asoliddev - Modular Fantasy Character/Textures/Hair 4 diffuse.png
  artifactKey: Guid(d341dfe273c0b24498cf3074010d9dcc) Importer(815301076,1909f56bfc062723c751e8b465ee728b)
Start importing Assets/asoliddev - Modular Fantasy Character/Textures/Hair 4 diffuse.png using Guid(d341dfe273c0b24498cf3074010d9dcc) Importer(815301076,1909f56bfc062723c751e8b465ee728b)  -> (artifact id: '3ed38b2d9a486f8827f8bc6c17388e76') in 0.016197 seconds 
========================================================================
Received Import Request.
  Time since last request: 0.000022 seconds.
  path: Assets/asoliddev - Modular Fantasy Character/Textures/Facial hair 4 diffuse.png
  artifactKey: Guid(e3cc5f8a983b50740a1ec771ababb57a) Importer(815301076,1909f56bfc062723c751e8b465ee728b)
Start importing Assets/asoliddev - Modular Fantasy Character/Textures/Facial hair 4 diffuse.png using Guid(e3cc5f8a983b50740a1ec771ababb57a) Importer(815301076,1909f56bfc062723c751e8b465ee728b)  -> (artifact id: 'c51be80d086814223cd21cedba91f45b') in 0.016724 seconds 
========================================================================
Received Import Request.
  Time since last request: 0.000031 seconds.
  path: Assets/asoliddev - Modular Fantasy Character/Textures/Facial hair 3 diffuse.png
  artifactKey: Guid(02edfb7da51a3cc449d20a796fc28ada) Importer(815301076,1909f56bfc062723c751e8b465ee728b)
Start importing Assets/asoliddev - Modular Fantasy Character/Textures/Facial hair 3 diffuse.png using Guid(02edfb7da51a3cc449d20a796fc28ada) Importer(815301076,1909f56bfc062723c751e8b465ee728b)  -> (artifact id: 'ea6f4f348ec33f1a37a8452850daa2be') in 0.016720 seconds 
========================================================================
Received Import Request.
  Time since last request: 0.000035 seconds.
  path: Assets/asoliddev - Modular Fantasy Character/Textures/Armor 0 lower diffuse 2.png
  artifactKey: Guid(1f0fb795e3b2c8a4eb649179325b80b7) Importer(815301076,1909f56bfc062723c751e8b465ee728b)
Start importing Assets/asoliddev - Modular Fantasy Character/Textures/Armor 0 lower diffuse 2.png using Guid(1f0fb795e3b2c8a4eb649179325b80b7) Importer(815301076,1909f56bfc062723c751e8b465ee728b)  -> (artifact id: '8c4804941565815d22fa48008030b7ab') in 0.028624 seconds 
========================================================================
Received Import Request.
  Time since last request: 1.436953 seconds.
  path: Assets/asoliddev - Modular Fantasy Character/Models/Modular Fantasy Character.fbx
  artifactKey: Guid(6793770d179eb204eac183a49f46f430) Importer(815301076,1909f56bfc062723c751e8b465ee728b)
Start importing Assets/asoliddev - Modular Fantasy Character/Models/Modular Fantasy Character.fbx using Guid(6793770d179eb204eac183a49f46f430) Importer(815301076,1909f56bfc062723c751e8b465ee728b)  -> (artifact id: '4ff7a58ac732ee0f941517c35880f719') in 0.422704 seconds 
========================================================================
Received Import Request.
  Time since last request: 7.188643 seconds.
  path: Assets/asoliddev - Modular Fantasy Character/Materials/character lp 1.mat
  artifactKey: Guid(236d51a9f3ddbac4b9447adf74811cf7) Importer(815301076,1909f56bfc062723c751e8b465ee728b)
Start importing Assets/asoliddev - Modular Fantasy Character/Materials/character lp 1.mat using Guid(236d51a9f3ddbac4b9447adf74811cf7) Importer(815301076,1909f56bfc062723c751e8b465ee728b)  -> (artifact id: '39f7a303e65d71b78a99805903c25093') in 0.046968 seconds 
========================================================================
Received Import Request.
  Time since last request: 0.000028 seconds.
  path: Assets/asoliddev - Modular Fantasy Character/Materials/hair 1.mat
  artifactKey: Guid(e54c21353485d6241b5f086eef480e27) Importer(815301076,1909f56bfc062723c751e8b465ee728b)
Start importing Assets/asoliddev - Modular Fantasy Character/Materials/hair 1.mat using Guid(e54c21353485d6241b5f086eef480e27) Importer(815301076,1909f56bfc062723c751e8b465ee728b)  -> (artifact id: 'e6d43d56073060098fa20b5cd14c406e') in 0.019520 seconds 
========================================================================
Received Import Request.
  Time since last request: 0.000041 seconds.
  path: Assets/asoliddev - Modular Fantasy Character/Materials/hair 3.mat
  artifactKey: Guid(4efde9e91d843b646b16e44827381c21) Importer(815301076,1909f56bfc062723c751e8b465ee728b)
Start importing Assets/asoliddev - Modular Fantasy Character/Materials/hair 3.mat using Guid(4efde9e91d843b646b16e44827381c21) Importer(815301076,1909f56bfc062723c751e8b465ee728b)  -> (artifact id: '85b8f396be97642b584e03f822d799d5') in 0.023171 seconds 
========================================================================
Received Import Request.
  Time since last request: 0.000025 seconds.
  path: Assets/asoliddev - Modular Fantasy Character/Materials/Ground.mat
  artifactKey: Guid(3212097908b065743b890a2c435937d5) Importer(815301076,1909f56bfc062723c751e8b465ee728b)
Start importing Assets/asoliddev - Modular Fantasy Character/Materials/Ground.mat using Guid(3212097908b065743b890a2c435937d5) Importer(815301076,1909f56bfc062723c751e8b465ee728b)  -> (artifact id: 'c481ec35d6f719ee4ca5490beb88f04c') in 0.015800 seconds 
========================================================================
Received Import Request.
  Time since last request: 0.000023 seconds.
  path: Assets/asoliddev - Modular Fantasy Character/Materials/hair 4.mat
  artifactKey: Guid(045ab6850d697424aa937f55bd9e6f14) Importer(815301076,1909f56bfc062723c751e8b465ee728b)
Start importing Assets/asoliddev - Modular Fantasy Character/Materials/hair 4.mat using Guid(045ab6850d697424aa937f55bd9e6f14) Importer(815301076,1909f56bfc062723c751e8b465ee728b)  -> (artifact id: '9ae40d0a5d41f7712bb5972ba83b526c') in 0.021423 seconds 
========================================================================
Received Import Request.
  Time since last request: 0.000020 seconds.
  path: Assets/asoliddev - Modular Fantasy Character/Materials/facial hair 3.mat
  artifactKey: Guid(c930566f7769a1641a3630552b87a382) Importer(815301076,1909f56bfc062723c751e8b465ee728b)
Start importing Assets/asoliddev - Modular Fantasy Character/Materials/facial hair 3.mat using Guid(c930566f7769a1641a3630552b87a382) Importer(815301076,1909f56bfc062723c751e8b465ee728b)  -> (artifact id: '0389a5eb153c54b8bfb7f742ab0ed852') in 0.021350 seconds 
========================================================================
Received Import Request.
  Time since last request: 4.739821 seconds.
  path: Assets/asoliddev - Modular Fantasy Character/Materials/Armor 0 Color 0/Armor 0 boots.mat
  artifactKey: Guid(e9c47a52b7ac0cc49a57d80900523e0f) Importer(815301076,1909f56bfc062723c751e8b465ee728b)
Start importing Assets/asoliddev - Modular Fantasy Character/Materials/Armor 0 Color 0/Armor 0 boots.mat using Guid(e9c47a52b7ac0cc49a57d80900523e0f) Importer(815301076,1909f56bfc062723c751e8b465ee728b)  -> (artifact id: '0a6caa089b62300836a4344bba990c33') in 0.039051 seconds 
Editor requested this worker to shutdown with reason: Scaling down because of idle timeout
AssetImportWorker is now disconnected from the server
Process exiting
Exiting without the bug reporter. Application will terminate with return code 0